<?xml version="1.0" encoding="utf-8" standalone="no"?>
<!--This file represents the results of running a test suite-->
<test-results name="C:\Nox\Nox.Tests\bin\Debug\Nox.Tests.dll" total="8" errors="1" failures="0" not-run="0" inconclusive="0" ignored="0" skipped="0" invalid="0" date="2013-04-05" time="20:47:34">
  <environment nunit-version="2.6.2.12296" clr-version="2.0.50727.5444" os-version="Microsoft Windows NT 6.1.7601 Service Pack 1" platform="Win32NT" cwd="C:\Program Files (x86)\NUnit 2.6.2\bin" machine-name="STTIKR64" user="nightmare" user-domain="STTIKR64" />
  <culture-info current-culture="en-US" current-uiculture="en-US" />
  <test-suite type="Assembly" name="C:\Nox\Nox.Tests\bin\Debug\Nox.Tests.dll" executed="True" result="Failure" success="False" time="1.547" asserts="0">
    <results>
      <test-suite type="Namespace" name="Nox" executed="True" result="Failure" success="False" time="1.529" asserts="0">
        <results>
          <test-suite type="Namespace" name="Tests" executed="True" result="Failure" success="False" time="1.529" asserts="0">
            <results>
              <test-suite type="TestFixture" name="Execute" executed="True" result="Failure" success="False" time="1.527" asserts="0">
                <results>
                  <test-case name="Nox.Tests.Execute.Query_CallsNoxProviderCommandExecuteReader" executed="True" result="Success" success="True" time="0.558" asserts="0" />
                  <test-case name="Nox.Tests.Execute.Query_CallsNoxProviderConnectionOpen" executed="True" result="Success" success="True" time="0.005" asserts="0" />
                  <test-case name="Nox.Tests.Execute.Query_CallsNoxProviderCreateCommand" executed="True" result="Success" success="True" time="0.024" asserts="0" />
                  <test-case name="Nox.Tests.Execute.Query_CallsNoxProviderCreateConnection" executed="True" result="Success" success="True" time="0.002" asserts="0" />
                  <test-case name="Nox.Tests.Execute.QueryAndType_ReturnsCorrectlyMappedType" executed="True" result="Error" success="False" time="0.605" asserts="0">
                    <failure>
                      <message><![CDATA[Microsoft.CSharp.RuntimeBinder.RuntimeBinderException : Cannot implicitly convert type 'System.Dynamic.ExpandoObject' to 'Nox.Tests.Helpers.TestEntity']]></message>
                      <stack-trace><![CDATA[at CallSite.Target(Closure , CallSite , Object )
at System.Dynamic.UpdateDelegates.UpdateAndExecute1[T0,TRet](CallSite site, T0 arg0)
at Nox.Tests.Nox.<Execute>d__3`1.MoveNext() in c:\Nox\Nox.Tests\Execute.cs:line 283
at System.Collections.Generic.List`1..ctor(IEnumerable`1 collection)
at System.Linq.Enumerable.ToList[TSource](IEnumerable`1 source)
at Nox.Tests.Execute.QueryAndType_ReturnsCorrectlyMappedType() in c:\Nox\Nox.Tests\Execute.cs:line 180
]]></stack-trace>
                    </failure>
                  </test-case>
                  <test-case name="Nox.Tests.Execute.QueryThatFindsResults_ReturnsAListOfDynamicResultsWithCorrectCount" executed="True" result="Success" success="True" time="0.232" asserts="3" />
                  <test-case name="Nox.Tests.Execute.QueryWithParameters_CallsNoxProviderCommandAddParameterForEachProvidedParameter" executed="True" result="Success" success="True" time="0.034" asserts="0" />
                  <test-case name="Nox.Tests.Execute.QueryWithParameters_CallsNoxProviderCreateParameters" executed="True" result="Success" success="True" time="0.004" asserts="0" />
                </results>
              </test-suite>
            </results>
          </test-suite>
        </results>
      </test-suite>
    </results>
  </test-suite>
</test-results>