<?xml version="1.0" encoding="utf-8" standalone="no"?>
<!--This file represents the results of running a test suite-->
<test-results name="C:\Nox\Nox.Tests\bin\Debug\Nox.Tests.dll" total="17" errors="0" failures="0" not-run="0" inconclusive="0" ignored="0" skipped="0" invalid="0" date="2013-04-07" time="18:38:58">
  <environment nunit-version="2.6.2.12296" clr-version="2.0.50727.5444" os-version="Microsoft Windows NT 6.1.7601 Service Pack 1" platform="Win32NT" cwd="C:\Program Files (x86)\NUnit 2.6.2\bin" machine-name="STTIKR64" user="nightmare" user-domain="STTIKR64" />
  <culture-info current-culture="en-US" current-uiculture="en-US" />
  <test-suite type="Assembly" name="C:\Nox\Nox.Tests\bin\Debug\Nox.Tests.dll" executed="True" result="Success" success="True" time="1.612" asserts="0">
    <results>
      <test-suite type="Namespace" name="Nox" executed="True" result="Success" success="True" time="1.595" asserts="0">
        <results>
          <test-suite type="Namespace" name="Tests" executed="True" result="Success" success="True" time="1.594" asserts="0">
            <results>
              <test-suite type="TestFixture" name="Execute" executed="True" result="Success" success="True" time="1.530" asserts="0">
                <results>
                  <test-case name="Nox.Tests.Execute.Query_CallsNoxProviderCommandExecuteReader" executed="True" result="Success" success="True" time="0.559" asserts="0" />
                  <test-case name="Nox.Tests.Execute.Query_CallsNoxProviderConnectionOpen" executed="True" result="Success" success="True" time="0.006" asserts="0" />
                  <test-case name="Nox.Tests.Execute.Query_CallsNoxProviderCreateCommand" executed="True" result="Success" success="True" time="0.023" asserts="0" />
                  <test-case name="Nox.Tests.Execute.Query_CallsNoxProviderCreateConnection" executed="True" result="Success" success="True" time="0.003" asserts="0" />
                  <test-case name="Nox.Tests.Execute.QueryAndAnInvalidType_ThrowsAnException" executed="True" result="Success" success="True" time="0.061" asserts="2" />
                  <test-case name="Nox.Tests.Execute.QueryAndType_ReturnsCorrectlyMappedType" executed="True" result="Success" success="True" time="0.672" asserts="3" />
                  <test-case name="Nox.Tests.Execute.QueryReturningMoreColumnsThanThePropertiesInTheType_ReturnsCorrectlyMappedType" executed="True" result="Success" success="True" time="0.012" asserts="3" />
                  <test-case name="Nox.Tests.Execute.QueryThatFindsResults_ReturnsAListOfDynamicResultsWithCorrectCount" executed="True" result="Success" success="True" time="0.110" asserts="3" />
                  <test-case name="Nox.Tests.Execute.QueryWithParameters_CallsNoxProviderCommandAddParameterForEachProvidedParameter" executed="True" result="Success" success="True" time="0.036" asserts="0" />
                  <test-case name="Nox.Tests.Execute.QueryWithParameters_CallsNoxProviderCreateParameters" executed="True" result="Success" success="True" time="0.005" asserts="0" />
                </results>
              </test-suite>
              <test-suite type="TestFixture" name="ExecuteScalar" executed="True" result="Success" success="True" time="0.059" asserts="0">
                <results>
                  <test-case name="Nox.Tests.ExecuteScalar.QueryScalar_CallsNoxProviderCommandExecuteScalar" executed="True" result="Success" success="True" time="0.006" asserts="0" />
                  <test-case name="Nox.Tests.ExecuteScalar.QueryScalar_CallsNoxProviderCreateCommand" executed="True" result="Success" success="True" time="0.005" asserts="0" />
                  <test-case name="Nox.Tests.ExecuteScalar.QueryScalar_CallsNoxProviderCreateConnection" executed="True" result="Success" success="True" time="0.003" asserts="0" />
                  <test-case name="Nox.Tests.ExecuteScalar.QueryScalarWithParameters_CallsNoxProviderCommandAddParameterForEachProvidedParameter" executed="True" result="Success" success="True" time="0.013" asserts="0" />
                  <test-case name="Nox.Tests.ExecuteScalar.QueryScalarWithParameters_CallsNoxProviderConnectionOpen" executed="True" result="Success" success="True" time="0.004" asserts="0" />
                  <test-case name="Nox.Tests.ExecuteScalar.QueryScalarWithParameters_CallsNoxProviderCreateParameters" executed="True" result="Success" success="True" time="0.004" asserts="0" />
                  <test-case name="Nox.Tests.ExecuteScalar.QueryScalarWithResultOfTypeInt_ReturnsInt" executed="True" result="Success" success="True" time="0.005" asserts="1" />
                </results>
              </test-suite>
            </results>
          </test-suite>
        </results>
      </test-suite>
    </results>
  </test-suite>
</test-results>