<?xml version="1.0" encoding="utf-8" standalone="no"?>
<!--This file represents the results of running a test suite-->
<test-results name="C:\Nox\Nox.Tests\bin\Debug\Nox.Tests.dll" total="4" errors="1" failures="0" not-run="0" inconclusive="0" ignored="0" skipped="0" invalid="0" date="2013-04-05" time="14:55:51">
  <environment nunit-version="2.6.2.12296" clr-version="2.0.50727.5444" os-version="Microsoft Windows NT 6.1.7601 Service Pack 1" platform="Win32NT" cwd="C:\Program Files (x86)\NUnit 2.6.2\bin" machine-name="STTIKR64" user="nightmare" user-domain="STTIKR64" />
  <culture-info current-culture="en-US" current-uiculture="en-US" />
  <test-suite type="Assembly" name="C:\Nox\Nox.Tests\bin\Debug\Nox.Tests.dll" executed="True" result="Failure" success="False" time="0.655" asserts="0">
    <results>
      <test-suite type="Namespace" name="Nox" executed="True" result="Failure" success="False" time="0.637" asserts="0">
        <results>
          <test-suite type="Namespace" name="Tests" executed="True" result="Failure" success="False" time="0.637" asserts="0">
            <results>
              <test-suite type="TestFixture" name="Execute" executed="True" result="Failure" success="False" time="0.635" asserts="0">
                <results>
                  <test-case name="Nox.Tests.Execute.GivenAQuery_CallsNoxProviderCreateCommand" executed="True" result="Success" success="True" time="0.573" asserts="0" />
                  <test-case name="Nox.Tests.Execute.GivenAQuery_CallsNoxProviderCreateConnection" executed="True" result="Success" success="True" time="0.003" asserts="0" />
                  <test-case name="Nox.Tests.Execute.GivenAQueryWithParameters_CallsNoxProviderCommandAddParameterForEachProvidedParameter" executed="True" result="Error" success="False" time="0.016" asserts="0">
                    <failure>
                      <message><![CDATA[System.NullReferenceException : Object reference not set to an instance of an object.]]></message>
                      <stack-trace><![CDATA[at Nox.Tests.Nox.Execute(String query, Object parameters) in c:\Nox\Nox.Tests\Execute.cs:line 192
at Nox.Tests.Execute.GivenAQueryWithParameters_CallsNoxProviderCommandAddParameterForEachProvidedParameter() in c:\Nox\Nox.Tests\Execute.cs:line 100
]]></stack-trace>
                    </failure>
                  </test-case>
                  <test-case name="Nox.Tests.Execute.GivenAQueryWithParameters_CallsNoxProviderCreateParameters" executed="True" result="Success" success="True" time="0.005" asserts="0" />
                </results>
              </test-suite>
            </results>
          </test-suite>
        </results>
      </test-suite>
    </results>
  </test-suite>
</test-results>