<?xml version="1.0" encoding="utf-8" standalone="no"?>
<!--This file represents the results of running a test suite-->
<test-results name="C:\Nox\Nox.Tests\bin\Debug\Nox.Tests.dll" total="20" errors="0" failures="0" not-run="0" inconclusive="0" ignored="0" skipped="0" invalid="0" date="2013-04-10" time="21:57:55">
  <environment nunit-version="2.6.2.12296" clr-version="2.0.50727.5444" os-version="Microsoft Windows NT 6.1.7601 Service Pack 1" platform="Win32NT" cwd="C:\Program Files (x86)\NUnit 2.6.2\bin" machine-name="STTIKR64" user="nightmare" user-domain="STTIKR64" />
  <culture-info current-culture="en-US" current-uiculture="en-US" />
  <test-suite type="Assembly" name="C:\Nox\Nox.Tests\bin\Debug\Nox.Tests.dll" executed="True" result="Success" success="True" time="1.669" asserts="0">
    <results>
      <test-suite type="Namespace" name="Nox" executed="True" result="Success" success="True" time="1.650" asserts="0">
        <results>
          <test-suite type="Namespace" name="Tests" executed="True" result="Success" success="True" time="1.649" asserts="0">
            <results>
              <test-suite type="TestFixture" name="Execute" executed="True" result="Success" success="True" time="1.549" asserts="0">
                <results>
                  <test-case name="Nox.Tests.Execute.Query_CallsNoxProviderCommandExecuteReader" executed="True" result="Success" success="True" time="0.562" asserts="0" />
                  <test-case name="Nox.Tests.Execute.Query_CallsNoxProviderConnectionOpen" executed="True" result="Success" success="True" time="0.006" asserts="0" />
                  <test-case name="Nox.Tests.Execute.Query_CallsNoxProviderCreateCommand" executed="True" result="Success" success="True" time="0.024" asserts="0" />
                  <test-case name="Nox.Tests.Execute.Query_CallsNoxProviderCreateConnection" executed="True" result="Success" success="True" time="0.003" asserts="0" />
                  <test-case name="Nox.Tests.Execute.QueryAndAnInvalidType_ThrowsAnException" executed="True" result="Success" success="True" time="0.063" asserts="2" />
                  <test-case name="Nox.Tests.Execute.QueryAndType_ReturnsCorrectlyMappedType" executed="True" result="Success" success="True" time="0.687" asserts="3" />
                  <test-case name="Nox.Tests.Execute.QueryReturningMoreColumnsThanThePropertiesInTheType_ReturnsCorrectlyMappedType" executed="True" result="Success" success="True" time="0.011" asserts="3" />
                  <test-case name="Nox.Tests.Execute.QueryThatFindsResults_ReturnsAListOfDynamicResultsWithCorrectCount" executed="True" result="Success" success="True" time="0.112" asserts="3" />
                  <test-case name="Nox.Tests.Execute.QueryWithParameters_CallsNoxProviderCommandAddParameterForEachProvidedParameter" executed="True" result="Success" success="True" time="0.036" asserts="0" />
                  <test-case name="Nox.Tests.Execute.QueryWithParameters_CallsNoxProviderCreateParameters" executed="True" result="Success" success="True" time="0.005" asserts="0" />
                </results>
              </test-suite>
              <test-suite type="TestFixture" name="ExecuteScalar" executed="True" result="Success" success="True" time="0.054" asserts="0">
                <results>
                  <test-case name="Nox.Tests.ExecuteScalar.QueryScalar_CallsNoxProviderCommandExecuteScalar" executed="True" result="Success" success="True" time="0.007" asserts="0" />
                  <test-case name="Nox.Tests.ExecuteScalar.QueryScalar_CallsNoxProviderCreateCommand" executed="True" result="Success" success="True" time="0.005" asserts="0" />
                  <test-case name="Nox.Tests.ExecuteScalar.QueryScalar_CallsNoxProviderCreateConnection" executed="True" result="Success" success="True" time="0.003" asserts="0" />
                  <test-case name="Nox.Tests.ExecuteScalar.QueryScalarWithParameters_CallsNoxProviderCommandAddParameterForEachProvidedParameter" executed="True" result="Success" success="True" time="0.007" asserts="0" />
                  <test-case name="Nox.Tests.ExecuteScalar.QueryScalarWithParameters_CallsNoxProviderConnectionOpen" executed="True" result="Success" success="True" time="0.004" asserts="0" />
                  <test-case name="Nox.Tests.ExecuteScalar.QueryScalarWithParameters_CallsNoxProviderCreateParameters" executed="True" result="Success" success="True" time="0.005" asserts="0" />
                  <test-case name="Nox.Tests.ExecuteScalar.QueryScalarWithResultOfTypeInt_ReturnsInt" executed="True" result="Success" success="True" time="0.005" asserts="1" />
                </results>
              </test-suite>
              <test-suite type="Namespace" name="NoxGenericRepositoryTests" executed="True" result="Success" success="True" time="0.038" asserts="0">
                <results>
                  <test-suite type="TestFixture" name="Constructor" executed="True" result="Success" success="True" time="0.017" asserts="0">
                    <results>
                      <test-case name="Nox.Tests.NoxGenericRepositoryTests.Constructor.EntityWithNoProperties_ThrowsAnException" executed="True" result="Success" success="True" time="0.016" asserts="2" />
                    </results>
                  </test-suite>
                  <test-suite type="TestFixture" name="Create" executed="True" result="Success" success="True" time="0.006" asserts="0">
                    <results>
                      <test-case name="Nox.Tests.NoxGenericRepositoryTests.Create.Entity_CallsNoxExecuteWithCorrectlyBuildInsertQuery" executed="True" result="Success" success="True" time="0.005" asserts="0" />
                    </results>
                  </test-suite>
                  <test-suite type="TestFixture" name="GetAll" executed="True" result="Success" success="True" time="0.005" asserts="0">
                    <results>
                      <test-case name="Nox.Tests.NoxGenericRepositoryTests.GetAll.Entity_CallsNoxExecuteWithCorrectlyBuildSelectQuery" executed="True" result="Success" success="True" time="0.004" asserts="0" />
                    </results>
                  </test-suite>
                </results>
              </test-suite>
            </results>
          </test-suite>
        </results>
      </test-suite>
    </results>
  </test-suite>
</test-results>